c:\dev\jpo_project\jpo_project\release\jpo_project.pch
c:\dev\jpo_project\jpo_project\release\vc141.pdb
c:\dev\jpo_project\jpo_project\release\stdafx.obj
c:\dev\jpo_project\jpo_project\release\meleeweapon.obj
c:\dev\jpo_project\jpo_project\release\mainmenustate.obj
c:\dev\jpo_project\jpo_project\release\main.obj
c:\dev\jpo_project\jpo_project\release\item.obj
c:\dev\jpo_project\jpo_project\release\inventory.obj
c:\dev\jpo_project\jpo_project\release\hitboxcomponent.obj
c:\dev\jpo_project\jpo_project\release\gamestate.obj
c:\dev\jpo_project\jpo_project\release\game.obj
c:\dev\jpo_project\jpo_project\release\entity.obj
c:\dev\jpo_project\jpo_project\release\editorstate.obj
c:\dev\jpo_project\jpo_project\release\gui.obj
c:\dev\jpo_project\jpo_project\release\graphicssettings.obj
c:\dev\jpo_project\jpo_project\release\enemysystem.obj
c:\dev\jpo_project\jpo_project\release\enemyspawnertile.obj
c:\dev\jpo_project\jpo_project\release\enemyeditormode.obj
c:\dev\jpo_project\jpo_project\release\enemy.obj
c:\dev\jpo_project\jpo_project\release\editormode.obj
c:\dev\jpo_project\jpo_project\release\defaulteditormode.obj
c:\dev\jpo_project\jpo_project\release\attributescomponent.obj
c:\dev\jpo_project\jpo_project\release\animationcomponent.obj
c:\dev\jpo_project\jpo_project\release\weapon.obj
c:\dev\jpo_project\jpo_project\release\tilemap.obj
c:\dev\jpo_project\jpo_project\release\tile.obj
c:\dev\jpo_project\jpo_project\release\texttagsystem.obj
c:\dev\jpo_project\jpo_project\release\sword.obj
c:\dev\jpo_project\jpo_project\release\state.obj
c:\dev\jpo_project\jpo_project\release\slime.obj
c:\dev\jpo_project\jpo_project\release\skillcomponent.obj
c:\dev\jpo_project\jpo_project\release\settingsstate.obj
c:\dev\jpo_project\jpo_project\release\regulartile.obj
c:\dev\jpo_project\jpo_project\release\playergui.obj
c:\dev\jpo_project\jpo_project\release\player.obj
c:\dev\jpo_project\jpo_project\release\pausemenu.obj
c:\dev\jpo_project\jpo_project\release\movementcomponent.obj
c:\dev\jpo_project\release\jpo_project.ipdb
c:\dev\jpo_project\release\jpo_project.iobj
c:\dev\jpo_project\release\jpo_project.exe
c:\dev\jpo_project\release\jpo_project.pdb
c:\dev\jpo_project\jpo_project\release\jpo_project.tlog\cl.command.1.tlog
c:\dev\jpo_project\jpo_project\release\jpo_project.tlog\cl.read.1.tlog
c:\dev\jpo_project\jpo_project\release\jpo_project.tlog\cl.write.1.tlog
c:\dev\jpo_project\jpo_project\release\jpo_project.tlog\jpo_project.write.1u.tlog
c:\dev\jpo_project\jpo_project\release\jpo_project.tlog\link.command.1.tlog
c:\dev\jpo_project\jpo_project\release\jpo_project.tlog\link.read.1.tlog
c:\dev\jpo_project\jpo_project\release\jpo_project.tlog\link.write.1.tlog
