c:\dev\jpo_project\jpo_project\debug\jpo_project.pch
c:\dev\jpo_project\jpo_project\debug\vc141.pdb
c:\dev\jpo_project\jpo_project\debug\vc141.idb
c:\dev\jpo_project\jpo_project\debug\stdafx.obj
c:\dev\jpo_project\jpo_project\debug\movementcomponent.obj
c:\dev\jpo_project\jpo_project\debug\meleeweapon.obj
c:\dev\jpo_project\jpo_project\debug\mainmenustate.obj
c:\dev\jpo_project\jpo_project\debug\main.obj
c:\dev\jpo_project\jpo_project\debug\item.obj
c:\dev\jpo_project\jpo_project\debug\hitboxcomponent.obj
c:\dev\jpo_project\jpo_project\debug\gamestate.obj
c:\dev\jpo_project\jpo_project\debug\game.obj
c:\dev\jpo_project\jpo_project\debug\entity.obj
c:\dev\jpo_project\jpo_project\debug\editorstate.obj
c:\dev\jpo_project\jpo_project\debug\gui.obj
c:\dev\jpo_project\jpo_project\debug\graphicssettings.obj
c:\dev\jpo_project\jpo_project\debug\enemyspawnertile.obj
c:\dev\jpo_project\jpo_project\debug\enemyeditormode.obj
c:\dev\jpo_project\jpo_project\debug\enemy.obj
c:\dev\jpo_project\jpo_project\debug\editormode.obj
c:\dev\jpo_project\jpo_project\debug\defaulteditormode.obj
c:\dev\jpo_project\jpo_project\debug\bow.obj
c:\dev\jpo_project\jpo_project\debug\attributescomponent.obj
c:\dev\jpo_project\jpo_project\debug\animationcomponent.obj
c:\dev\jpo_project\jpo_project\debug\tilemap.obj
c:\dev\jpo_project\jpo_project\debug\tile.obj
c:\dev\jpo_project\jpo_project\debug\sword.obj
c:\dev\jpo_project\jpo_project\debug\state.obj
c:\dev\jpo_project\jpo_project\debug\slime.obj
c:\dev\jpo_project\jpo_project\debug\skillcomponent.obj
c:\dev\jpo_project\jpo_project\debug\settingsstate.obj
c:\dev\jpo_project\jpo_project\debug\regulartile.obj
c:\dev\jpo_project\jpo_project\debug\rangedweapon.obj
c:\dev\jpo_project\jpo_project\debug\playergui.obj
c:\dev\jpo_project\jpo_project\debug\player.obj
c:\dev\jpo_project\jpo_project\debug\pausemenu.obj
c:\dev\jpo_project\jpo_project\debug\enemysystem.obj
c:\dev\jpo_project\jpo_project\debug\inventory.obj
c:\dev\jpo_project\debug\jpo_project.exe
c:\dev\jpo_project\debug\jpo_project.ilk
c:\dev\jpo_project\debug\jpo_project.pdb
c:\dev\jpo_project\jpo_project\debug\jpo_project.tlog\cl.command.1.tlog
c:\dev\jpo_project\jpo_project\debug\jpo_project.tlog\cl.read.1.tlog
c:\dev\jpo_project\jpo_project\debug\jpo_project.tlog\cl.write.1.tlog
c:\dev\jpo_project\jpo_project\debug\jpo_project.tlog\link.command.1.tlog
c:\dev\jpo_project\jpo_project\debug\jpo_project.tlog\link.read.1.tlog
c:\dev\jpo_project\jpo_project\debug\jpo_project.tlog\link.write.1.tlog
